<?xml version="1.0" encoding="UTF-8"?>
<testng-results skipped="0" failed="1" ignored="0" total="1" passed="0">
  <reporter-output>
    <line>
      <![CDATA[<a href=loginAsBankManagerMon_Jul_16_22_24_24_IST_2018.jpg target="_blank">Screenshot</a>]]>
    </line>
    <line>
      <![CDATA[<br>]]>
    </line>
    <line>
      <![CDATA[<a href=loginAsBankManagerMon_Jul_16_22_24_24_IST_2018.jpg target="_blank"><img src=loginAsBankManagerMon_Jul_16_22_24_24_IST_2018.jpg height=200 width=200></a>]]>
    </line>
  </reporter-output>
  <suite name="Suite" duration-ms="910" started-at="2018-07-16T16:54:24Z" finished-at="2018-07-16T16:54:25Z">
    <groups>
    </groups>
    <test name="Test" duration-ms="910" started-at="2018-07-16T16:54:24Z" finished-at="2018-07-16T16:54:25Z">
      <class name="testCases.FirstTestCase">
        <test-method status="PASS" signature="setUp()[pri:0, instance:testCases.FirstTestCase@77ec78b9]" name="setUp" is-config="true" duration-ms="10042" started-at="2018-07-16T16:54:14Z" finished-at="2018-07-16T16:54:24Z">
          <reporter-output>
          </reporter-output>
        </test-method> <!-- setUp -->
        <test-method status="FAIL" signature="loginAsBankManager()[pri:0, instance:testCases.FirstTestCase@77ec78b9]" name="loginAsBankManager" duration-ms="361" started-at="2018-07-16T16:54:24Z" finished-at="2018-07-16T16:54:24Z">
          <exception class="java.lang.AssertionError">
            <message>
              <![CDATA[Failing Bank Manager Login Test]]>
            </message>
            <full-stacktrace>
              <![CDATA[java.lang.AssertionError: Failing Bank Manager Login Test
at org.testng.Assert.fail(Assert.java:96)
at testCases.FirstTestCase.loginAsBankManager(FirstTestCase.java:15)
at sun.reflect.NativeMethodAccessorImpl.invoke0(Native Method)
at sun.reflect.NativeMethodAccessorImpl.invoke(Unknown Source)
at sun.reflect.DelegatingMethodAccessorImpl.invoke(Unknown Source)
at java.lang.reflect.Method.invoke(Unknown Source)
at org.testng.internal.MethodInvocationHelper.invokeMethod(MethodInvocationHelper.java:124)
at org.testng.internal.Invoker.invokeMethod(Invoker.java:583)
at org.testng.internal.Invoker.invokeTestMethod(Invoker.java:719)
at org.testng.internal.Invoker.invokeTestMethods(Invoker.java:989)
at org.testng.internal.TestMethodWorker.invokeTestMethods(TestMethodWorker.java:125)
at org.testng.internal.TestMethodWorker.run(TestMethodWorker.java:109)
at org.testng.TestRunner.privateRun(TestRunner.java:648)
at org.testng.TestRunner.run(TestRunner.java:505)
at org.testng.SuiteRunner.runTest(SuiteRunner.java:455)
at org.testng.SuiteRunner.runSequentially(SuiteRunner.java:450)
at org.testng.SuiteRunner.privateRun(SuiteRunner.java:415)
at org.testng.SuiteRunner.run(SuiteRunner.java:364)
at org.testng.SuiteRunnerWorker.runSuite(SuiteRunnerWorker.java:52)
at org.testng.SuiteRunnerWorker.run(SuiteRunnerWorker.java:84)
at org.testng.TestNG.runSuitesSequentially(TestNG.java:1208)
at org.testng.TestNG.runSuitesLocally(TestNG.java:1137)
at org.testng.TestNG.runSuites(TestNG.java:1049)
at org.testng.TestNG.run(TestNG.java:1017)
at org.testng.remote.AbstractRemoteTestNG.run(AbstractRemoteTestNG.java:114)
at org.testng.remote.RemoteTestNG.initAndRun(RemoteTestNG.java:251)
at org.testng.remote.RemoteTestNG.main(RemoteTestNG.java:77)
]]>
            </full-stacktrace>
          </exception> <!-- java.lang.AssertionError -->
          <reporter-output>
            <line>
              <![CDATA[<a href=loginAsBankManagerMon_Jul_16_22_24_24_IST_2018.jpg target="_blank">Screenshot</a>]]>
            </line>
            <line>
              <![CDATA[<br>]]>
            </line>
            <line>
              <![CDATA[<a href=loginAsBankManagerMon_Jul_16_22_24_24_IST_2018.jpg target="_blank"><img src=loginAsBankManagerMon_Jul_16_22_24_24_IST_2018.jpg height=200 width=200></a>]]>
            </line>
          </reporter-output>
        </test-method> <!-- loginAsBankManager -->
        <test-method status="PASS" signature="teardown()[pri:0, instance:testCases.FirstTestCase@77ec78b9]" name="teardown" is-config="true" duration-ms="735" started-at="2018-07-16T16:54:25Z" finished-at="2018-07-16T16:54:25Z">
          <reporter-output>
          </reporter-output>
        </test-method> <!-- teardown -->
      </class> <!-- testCases.FirstTestCase -->
    </test> <!-- Test -->
  </suite> <!-- Suite -->
</testng-results>
